<?xml version="1.0" encoding="UTF-8"?>
<coverage generated="1553786330688" clover="3.2.0">
  <project timestamp="1553786330688" name="All files">
    <metrics statements="34" coveredstatements="27" conditionals="46" coveredconditionals="17" methods="8" coveredmethods="7" elements="88" coveredelements="51" complexity="0" loc="34" ncloc="34" packages="7" files="12" classes="12"/>
    <package name="assets">
      <metrics statements="13" coveredstatements="13" conditionals="0" coveredconditionals="0" methods="0" coveredmethods="0"/>
      <file name="styles.js" path="/Users/apple/Desktop/development/assessment/src/assets/styles.js">
        <metrics statements="13" coveredstatements="13" conditionals="0" coveredconditionals="0" methods="0" coveredmethods="0"/>
        <line num="6" count="1" type="stmt"/>
        <line num="8" count="1" type="stmt"/>
        <line num="9" count="1" type="stmt"/>
        <line num="10" count="1" type="stmt"/>
        <line num="11" count="1" type="stmt"/>
        <line num="12" count="1" type="stmt"/>
        <line num="13" count="1" type="stmt"/>
        <line num="16" count="1" type="stmt"/>
        <line num="17" count="1" type="stmt"/>
        <line num="18" count="1" type="stmt"/>
        <line num="19" count="1" type="stmt"/>
        <line num="20" count="1" type="stmt"/>
        <line num="23" count="1" type="stmt"/>
      </file>
    </package>
    <package name="components.Circle">
      <metrics statements="10" coveredstatements="5" conditionals="14" coveredconditionals="5" methods="2" coveredmethods="2"/>
      <file name="index.js" path="/Users/apple/Desktop/development/assessment/src/components/Circle/index.js">
        <metrics statements="10" coveredstatements="5" conditionals="14" coveredconditionals="5" methods="2" coveredmethods="2"/>
        <line num="12" count="1" type="stmt"/>
        <line num="13" count="1" type="cond" truecount="1" falsecount="5"/>
        <line num="15" count="0" type="stmt"/>
        <line num="17" count="0" type="stmt"/>
        <line num="19" count="0" type="stmt"/>
        <line num="21" count="0" type="stmt"/>
        <line num="23" count="0" type="stmt"/>
        <line num="25" count="1" type="stmt"/>
        <line num="30" count="1" type="stmt"/>
        <line num="31" count="1" type="stmt"/>
      </file>
      <file name="styles.js" path="/Users/apple/Desktop/development/assessment/src/components/Circle/styles.js">
        <metrics statements="0" coveredstatements="0" conditionals="0" coveredconditionals="0" methods="0" coveredmethods="0"/>
      </file>
    </package>
    <package name="components.FlatButton">
      <metrics statements="4" coveredstatements="3" conditionals="14" coveredconditionals="4" methods="1" coveredmethods="1"/>
      <file name="index.js" path="/Users/apple/Desktop/development/assessment/src/components/FlatButton/index.js">
        <metrics statements="4" coveredstatements="3" conditionals="14" coveredconditionals="4" methods="1" coveredmethods="1"/>
        <line num="9" count="1" type="stmt"/>
        <line num="11" count="1" type="cond" truecount="1" falsecount="1"/>
        <line num="12" count="0" type="stmt"/>
        <line num="25" count="1" type="stmt"/>
      </file>
      <file name="styles.js" path="/Users/apple/Desktop/development/assessment/src/components/FlatButton/styles.js">
        <metrics statements="0" coveredstatements="0" conditionals="0" coveredconditionals="0" methods="0" coveredmethods="0"/>
      </file>
    </package>
    <package name="components.Header">
      <metrics statements="2" coveredstatements="2" conditionals="4" coveredconditionals="2" methods="1" coveredmethods="1"/>
      <file name="index.js" path="/Users/apple/Desktop/development/assessment/src/components/Header/index.js">
        <metrics statements="2" coveredstatements="2" conditionals="4" coveredconditionals="2" methods="1" coveredmethods="1"/>
        <line num="8" count="1" type="stmt"/>
        <line num="10" count="1" type="stmt"/>
      </file>
      <file name="styles.js" path="/Users/apple/Desktop/development/assessment/src/components/Header/styles.js">
        <metrics statements="0" coveredstatements="0" conditionals="0" coveredconditionals="0" methods="0" coveredmethods="0"/>
      </file>
    </package>
    <package name="components.OverlayIndicator">
      <metrics statements="1" coveredstatements="1" conditionals="4" coveredconditionals="2" methods="1" coveredmethods="1"/>
      <file name="index.js" path="/Users/apple/Desktop/development/assessment/src/components/OverlayIndicator/index.js">
        <metrics statements="1" coveredstatements="1" conditionals="0" coveredconditionals="0" methods="1" coveredmethods="1"/>
        <line num="7" count="1" type="stmt"/>
      </file>
      <file name="styles.js" path="/Users/apple/Desktop/development/assessment/src/components/OverlayIndicator/styles.js">
        <metrics statements="0" coveredstatements="0" conditionals="4" coveredconditionals="2" methods="0" coveredmethods="0"/>
      </file>
    </package>
    <package name="components.UserInput">
      <metrics statements="3" coveredstatements="2" conditionals="10" coveredconditionals="4" methods="2" coveredmethods="1"/>
      <file name="index.js" path="/Users/apple/Desktop/development/assessment/src/components/UserInput/index.js">
        <metrics statements="3" coveredstatements="2" conditionals="10" coveredconditionals="4" methods="2" coveredmethods="1"/>
        <line num="8" count="1" type="stmt"/>
        <line num="9" count="1" type="stmt"/>
        <line num="12" count="0" type="cond" truecount="0" falsecount="2"/>
      </file>
      <file name="styles.js" path="/Users/apple/Desktop/development/assessment/src/components/UserInput/styles.js">
        <metrics statements="0" coveredstatements="0" conditionals="0" coveredconditionals="0" methods="0" coveredmethods="0"/>
      </file>
    </package>
    <package name="utils">
      <metrics statements="1" coveredstatements="1" conditionals="0" coveredconditionals="0" methods="1" coveredmethods="1"/>
      <file name="index.js" path="/Users/apple/Desktop/development/assessment/src/utils/index.js">
        <metrics statements="1" coveredstatements="1" conditionals="0" coveredconditionals="0" methods="1" coveredmethods="1"/>
        <line num="3" count="2" type="stmt"/>
      </file>
    </package>
  </project>
</coverage>
