{"/Users/apple/Desktop/development/assessment/src/assets/styles.js": {"path":"/Users/apple/Desktop/development/assessment/src/assets/styles.js","statementMap":{"0":{"start":{"line":6,"column":15},"end":{"line":6,"column":39}},"1":{"start":{"line":8,"column":25},"end":{"line":8,"column":34}},"2":{"start":{"line":9,"column":25},"end":{"line":9,"column":34}},"3":{"start":{"line":10,"column":23},"end":{"line":10,"column":32}},"4":{"start":{"line":11,"column":24},"end":{"line":11,"column":33}},"5":{"start":{"line":12,"column":24},"end":{"line":12,"column":33}},"6":{"start":{"line":13,"column":24},"end":{"line":13,"column":33}},"7":{"start":{"line":16,"column":26},"end":{"line":16,"column":35}},"8":{"start":{"line":17,"column":27},"end":{"line":17,"column":36}},"9":{"start":{"line":18,"column":25},"end":{"line":18,"column":34}},"10":{"start":{"line":19,"column":28},"end":{"line":19,"column":37}},"11":{"start":{"line":20,"column":28},"end":{"line":20,"column":37}},"12":{"start":{"line":23,"column":28},"end":{"line":92,"column":2}}},"fnMap":{},"branchMap":{},"s":{"0":1,"1":1,"2":1,"3":1,"4":1,"5":1,"6":1,"7":1,"8":1,"9":1,"10":1,"11":1,"12":1},"f":{},"b":{},"_coverageSchema":"43e27e138ebf9cfc5966b082cf9a028302ed4184","hash":"8227cb51b73a5cb12edee8d3afcc5812567056f3"}
,"/Users/apple/Desktop/development/assessment/src/components/Circle/index.js": {"path":"/Users/apple/Desktop/development/assessment/src/components/Circle/index.js","statementMap":{"0":{"start":{"line":12,"column":21},"end":{"line":27,"column":1}},"1":{"start":{"line":13,"column":2},"end":{"line":26,"column":3}},"2":{"start":{"line":15,"column":6},"end":{"line":15,"column":24}},"3":{"start":{"line":17,"column":6},"end":{"line":17,"column":25}},"4":{"start":{"line":19,"column":6},"end":{"line":19,"column":23}},"5":{"start":{"line":21,"column":6},"end":{"line":21,"column":26}},"6":{"start":{"line":23,"column":6},"end":{"line":23,"column":26}},"7":{"start":{"line":25,"column":6},"end":{"line":25,"column":21}},"8":{"start":{"line":30,"column":65},"end":{"line":30,"column":70}},"9":{"start":{"line":31,"column":2},"end":{"line":43,"column":4}}},"fnMap":{"0":{"name":"(anonymous_0)","decl":{"start":{"line":12,"column":21},"end":{"line":12,"column":22}},"loc":{"start":{"line":12,"column":30},"end":{"line":27,"column":1}},"line":12},"1":{"name":"(anonymous_1)","decl":{"start":{"line":29,"column":15},"end":{"line":29,"column":16}},"loc":{"start":{"line":29,"column":24},"end":{"line":44,"column":1}},"line":29}},"branchMap":{"0":{"loc":{"start":{"line":13,"column":2},"end":{"line":26,"column":3}},"type":"switch","locations":[{"start":{"line":14,"column":4},"end":{"line":15,"column":24}},{"start":{"line":16,"column":4},"end":{"line":17,"column":25}},{"start":{"line":18,"column":4},"end":{"line":19,"column":23}},{"start":{"line":20,"column":4},"end":{"line":21,"column":26}},{"start":{"line":22,"column":4},"end":{"line":23,"column":26}},{"start":{"line":24,"column":4},"end":{"line":25,"column":21}}],"line":13},"1":{"loc":{"start":{"line":32,"column":31},"end":{"line":32,"column":49}},"type":"binary-expr","locations":[{"start":{"line":32,"column":31},"end":{"line":32,"column":38}},{"start":{"line":32,"column":42},"end":{"line":32,"column":49}}],"line":32},"2":{"loc":{"start":{"line":36,"column":10},"end":{"line":36,"column":59}},"type":"cond-expr","locations":[{"start":{"line":36,"column":24},"end":{"line":36,"column":41}},{"start":{"line":36,"column":44},"end":{"line":36,"column":59}}],"line":36},"3":{"loc":{"start":{"line":38,"column":10},"end":{"line":38,"column":36}},"type":"binary-expr","locations":[{"start":{"line":38,"column":10},"end":{"line":38,"column":21}},{"start":{"line":38,"column":25},"end":{"line":38,"column":36}}],"line":38},"4":{"loc":{"start":{"line":40,"column":17},"end":{"line":40,"column":35}},"type":"cond-expr","locations":[{"start":{"line":40,"column":28},"end":{"line":40,"column":29}},{"start":{"line":40,"column":32},"end":{"line":40,"column":35}}],"line":40}},"s":{"0":1,"1":1,"2":0,"3":0,"4":0,"5":0,"6":0,"7":1,"8":1,"9":1},"f":{"0":1,"1":1},"b":{"0":[0,0,0,0,0,1],"1":[1,0],"2":[0,1],"3":[1,0],"4":[0,1]},"_coverageSchema":"43e27e138ebf9cfc5966b082cf9a028302ed4184","hash":"fbe7ac225686969a271af526a695449e7a86aa27"}
,"/Users/apple/Desktop/development/assessment/src/components/Circle/styles.js": {"path":"/Users/apple/Desktop/development/assessment/src/components/Circle/styles.js","statementMap":{},"fnMap":{},"branchMap":{},"s":{},"f":{},"b":{},"_coverageSchema":"43e27e138ebf9cfc5966b082cf9a028302ed4184","hash":"6ae2bbe86d7a1adf96fc279f31a7478debec5211"}
,"/Users/apple/Desktop/development/assessment/src/components/FlatButton/index.js": {"path":"/Users/apple/Desktop/development/assessment/src/components/FlatButton/index.js","statementMap":{"0":{"start":{"line":9,"column":58},"end":{"line":9,"column":63}},"1":{"start":{"line":11,"column":2},"end":{"line":24,"column":6}},"2":{"start":{"line":12,"column":4},"end":{"line":24,"column":6}},"3":{"start":{"line":25,"column":2},"end":{"line":35,"column":4}}},"fnMap":{"0":{"name":"(anonymous_0)","decl":{"start":{"line":8,"column":15},"end":{"line":8,"column":16}},"loc":{"start":{"line":8,"column":24},"end":{"line":36,"column":1}},"line":8}},"branchMap":{"0":{"loc":{"start":{"line":11,"column":2},"end":{"line":24,"column":6}},"type":"if","locations":[{"start":{"line":11,"column":2},"end":{"line":24,"column":6}},{"start":{"line":11,"column":2},"end":{"line":24,"column":6}}],"line":11},"1":{"loc":{"start":{"line":13,"column":33},"end":{"line":13,"column":51}},"type":"binary-expr","locations":[{"start":{"line":13,"column":33},"end":{"line":13,"column":40}},{"start":{"line":13,"column":44},"end":{"line":13,"column":51}}],"line":13},"2":{"loc":{"start":{"line":16,"column":41},"end":{"line":16,"column":67}},"type":"binary-expr","locations":[{"start":{"line":16,"column":41},"end":{"line":16,"column":52}},{"start":{"line":16,"column":56},"end":{"line":16,"column":67}}],"line":16},"3":{"loc":{"start":{"line":20,"column":13},"end":{"line":20,"column":25}},"type":"binary-expr","locations":[{"start":{"line":20,"column":13},"end":{"line":20,"column":17}},{"start":{"line":20,"column":21},"end":{"line":20,"column":25}}],"line":20},"4":{"loc":{"start":{"line":28,"column":15},"end":{"line":28,"column":33}},"type":"binary-expr","locations":[{"start":{"line":28,"column":15},"end":{"line":28,"column":22}},{"start":{"line":28,"column":26},"end":{"line":28,"column":33}}],"line":28},"5":{"loc":{"start":{"line":30,"column":41},"end":{"line":30,"column":67}},"type":"binary-expr","locations":[{"start":{"line":30,"column":41},"end":{"line":30,"column":52}},{"start":{"line":30,"column":56},"end":{"line":30,"column":67}}],"line":30},"6":{"loc":{"start":{"line":33,"column":7},"end":{"line":33,"column":19}},"type":"binary-expr","locations":[{"start":{"line":33,"column":7},"end":{"line":33,"column":11}},{"start":{"line":33,"column":15},"end":{"line":33,"column":19}}],"line":33}},"s":{"0":1,"1":1,"2":0,"3":1},"f":{"0":1},"b":{"0":[0,1],"1":[0,0],"2":[0,0],"3":[0,0],"4":[1,0],"5":[1,0],"6":[1,0]},"_coverageSchema":"43e27e138ebf9cfc5966b082cf9a028302ed4184","hash":"858eab8a9899f003358a0dbdf0d44fbb74725f58"}
,"/Users/apple/Desktop/development/assessment/src/components/FlatButton/styles.js": {"path":"/Users/apple/Desktop/development/assessment/src/components/FlatButton/styles.js","statementMap":{},"fnMap":{},"branchMap":{},"s":{},"f":{},"b":{},"_coverageSchema":"43e27e138ebf9cfc5966b082cf9a028302ed4184","hash":"522982653706e48e9ffef2a848e41ad74a669dba"}
,"/Users/apple/Desktop/development/assessment/src/components/Header/index.js": {"path":"/Users/apple/Desktop/development/assessment/src/components/Header/index.js","statementMap":{"0":{"start":{"line":8,"column":41},"end":{"line":8,"column":46}},"1":{"start":{"line":10,"column":2},"end":{"line":20,"column":4}}},"fnMap":{"0":{"name":"(anonymous_0)","decl":{"start":{"line":7,"column":15},"end":{"line":7,"column":16}},"loc":{"start":{"line":7,"column":24},"end":{"line":21,"column":1}},"line":7}},"branchMap":{"0":{"loc":{"start":{"line":13,"column":37},"end":{"line":13,"column":63}},"type":"binary-expr","locations":[{"start":{"line":13,"column":37},"end":{"line":13,"column":48}},{"start":{"line":13,"column":52},"end":{"line":13,"column":63}}],"line":13},"1":{"loc":{"start":{"line":17,"column":9},"end":{"line":17,"column":21}},"type":"binary-expr","locations":[{"start":{"line":17,"column":9},"end":{"line":17,"column":13}},{"start":{"line":17,"column":17},"end":{"line":17,"column":21}}],"line":17}},"s":{"0":1,"1":1},"f":{"0":1},"b":{"0":[1,0],"1":[1,0]},"_coverageSchema":"43e27e138ebf9cfc5966b082cf9a028302ed4184","hash":"fee1ab1d81822b7c6f5880680b76697369caeac7"}
,"/Users/apple/Desktop/development/assessment/src/components/Header/styles.js": {"path":"/Users/apple/Desktop/development/assessment/src/components/Header/styles.js","statementMap":{},"fnMap":{},"branchMap":{},"s":{},"f":{},"b":{},"_coverageSchema":"43e27e138ebf9cfc5966b082cf9a028302ed4184","hash":"53e1c7d46de4e543980f85cea9b274b23f03462b"}
,"/Users/apple/Desktop/development/assessment/src/components/OverlayIndicator/index.js": {"path":"/Users/apple/Desktop/development/assessment/src/components/OverlayIndicator/index.js","statementMap":{"0":{"start":{"line":7,"column":2},"end":{"line":25,"column":4}}},"fnMap":{"0":{"name":"(anonymous_0)","decl":{"start":{"line":6,"column":15},"end":{"line":6,"column":16}},"loc":{"start":{"line":6,"column":21},"end":{"line":26,"column":1}},"line":6}},"branchMap":{},"s":{"0":1},"f":{"0":1},"b":{},"_coverageSchema":"43e27e138ebf9cfc5966b082cf9a028302ed4184","hash":"05cc7c0a63f5bc20777416bc8770509f63de4c73"}
,"/Users/apple/Desktop/development/assessment/src/components/OverlayIndicator/styles.js": {"path":"/Users/apple/Desktop/development/assessment/src/components/OverlayIndicator/styles.js","statementMap":{},"fnMap":{},"branchMap":{"0":{"loc":{"start":{"line":10,"column":17},"end":{"line":10,"column":29}},"type":"cond-expr","locations":[{"start":{"line":10,"column":24},"end":{"line":10,"column":25}},{"start":{"line":10,"column":28},"end":{"line":10,"column":29}}],"line":10},"1":{"loc":{"start":{"line":11,"column":16},"end":{"line":11,"column":28}},"type":"cond-expr","locations":[{"start":{"line":11,"column":23},"end":{"line":11,"column":24}},{"start":{"line":11,"column":27},"end":{"line":11,"column":28}}],"line":11}},"s":{},"f":{},"b":{"0":[1,0],"1":[1,0]},"_coverageSchema":"43e27e138ebf9cfc5966b082cf9a028302ed4184","hash":"8e802c8a1b156cc89b6aeeb4f0714c8624b52988"}
,"/Users/apple/Desktop/development/assessment/src/components/UserInput/index.js": {"path":"/Users/apple/Desktop/development/assessment/src/components/UserInput/index.js","statementMap":{"0":{"start":{"line":8,"column":70},"end":{"line":8,"column":75}},"1":{"start":{"line":9,"column":2},"end":{"line":19,"column":4}},"2":{"start":{"line":12,"column":28},"end":{"line":12,"column":62}}},"fnMap":{"0":{"name":"(anonymous_0)","decl":{"start":{"line":7,"column":15},"end":{"line":7,"column":16}},"loc":{"start":{"line":7,"column":24},"end":{"line":20,"column":1}},"line":7},"1":{"name":"(anonymous_1)","decl":{"start":{"line":12,"column":20},"end":{"line":12,"column":21}},"loc":{"start":{"line":12,"column":28},"end":{"line":12,"column":62}},"line":12}},"branchMap":{"0":{"loc":{"start":{"line":11,"column":32},"end":{"line":11,"column":56}},"type":"binary-expr","locations":[{"start":{"line":11,"column":32},"end":{"line":11,"column":42}},{"start":{"line":11,"column":46},"end":{"line":11,"column":56}}],"line":11},"1":{"loc":{"start":{"line":12,"column":28},"end":{"line":12,"column":62}},"type":"binary-expr","locations":[{"start":{"line":12,"column":28},"end":{"line":12,"column":40}},{"start":{"line":12,"column":44},"end":{"line":12,"column":62}}],"line":12},"2":{"loc":{"start":{"line":13,"column":13},"end":{"line":13,"column":27}},"type":"binary-expr","locations":[{"start":{"line":13,"column":13},"end":{"line":13,"column":18}},{"start":{"line":13,"column":22},"end":{"line":13,"column":27}}],"line":13},"3":{"loc":{"start":{"line":14,"column":19},"end":{"line":14,"column":45}},"type":"binary-expr","locations":[{"start":{"line":14,"column":19},"end":{"line":14,"column":30}},{"start":{"line":14,"column":34},"end":{"line":14,"column":45}}],"line":14},"4":{"loc":{"start":{"line":17,"column":17},"end":{"line":17,"column":46}},"type":"cond-expr","locations":[{"start":{"line":17,"column":29},"end":{"line":17,"column":38}},{"start":{"line":17,"column":41},"end":{"line":17,"column":46}}],"line":17}},"s":{"0":1,"1":1,"2":0},"f":{"0":1,"1":0},"b":{"0":[1,0],"1":[0,0],"2":[1,0],"3":[1,0],"4":[0,1]},"_coverageSchema":"43e27e138ebf9cfc5966b082cf9a028302ed4184","hash":"1f88d9c69c4ce3ab4ce1c92f96d41fb254656d87"}
,"/Users/apple/Desktop/development/assessment/src/components/UserInput/styles.js": {"path":"/Users/apple/Desktop/development/assessment/src/components/UserInput/styles.js","statementMap":{},"fnMap":{},"branchMap":{},"s":{},"f":{},"b":{},"_coverageSchema":"43e27e138ebf9cfc5966b082cf9a028302ed4184","hash":"12c806b7a7b551a44446ea869eed281e8716ff01"}
,"/Users/apple/Desktop/development/assessment/src/utils/index.js": {"path":"/Users/apple/Desktop/development/assessment/src/utils/index.js","statementMap":{"0":{"start":{"line":3,"column":18},"end":{"line":3,"column":45}},"1":{"start":{"line":3,"column":24},"end":{"line":3,"column":45}}},"fnMap":{"0":{"name":"(anonymous_0)","decl":{"start":{"line":3,"column":18},"end":{"line":3,"column":19}},"loc":{"start":{"line":3,"column":24},"end":{"line":3,"column":45}},"line":3}},"branchMap":{},"s":{"0":1,"1":2},"f":{"0":2},"b":{},"_coverageSchema":"43e27e138ebf9cfc5966b082cf9a028302ed4184","hash":"834a293d4d2c1b275763233fa28e09abb070c283"}
}
