TN:
SF:/Users/apple/Desktop/development/assessment/src/assets/styles.js
FNF:0
FNH:0
DA:6,1
DA:8,1
DA:9,1
DA:10,1
DA:11,1
DA:12,1
DA:13,1
DA:16,1
DA:17,1
DA:18,1
DA:19,1
DA:20,1
DA:23,1
LF:13
LH:13
BRF:0
BRH:0
end_of_record
TN:
SF:/Users/apple/Desktop/development/assessment/src/components/Circle/index.js
FN:12,(anonymous_0)
FN:29,(anonymous_1)
FNF:2
FNH:2
FNDA:1,(anonymous_0)
FNDA:1,(anonymous_1)
DA:12,1
DA:13,1
DA:15,0
DA:17,0
DA:19,0
DA:21,0
DA:23,0
DA:25,1
DA:30,1
DA:31,1
LF:10
LH:5
BRDA:13,0,0,0
BRDA:13,0,1,0
BRDA:13,0,2,0
BRDA:13,0,3,0
BRDA:13,0,4,0
BRDA:13,0,5,1
BRDA:32,1,0,1
BRDA:32,1,1,0
BRDA:36,2,0,0
BRDA:36,2,1,1
BRDA:38,3,0,1
BRDA:38,3,1,0
BRDA:40,4,0,0
BRDA:40,4,1,1
BRF:14
BRH:5
end_of_record
TN:
SF:/Users/apple/Desktop/development/assessment/src/components/Circle/styles.js
FNF:0
FNH:0
LF:0
LH:0
BRF:0
BRH:0
end_of_record
TN:
SF:/Users/apple/Desktop/development/assessment/src/components/FlatButton/index.js
FN:8,(anonymous_0)
FNF:1
FNH:1
FNDA:1,(anonymous_0)
DA:9,1
DA:11,1
DA:12,0
DA:25,1
LF:4
LH:3
BRDA:11,0,0,0
BRDA:11,0,1,1
BRDA:13,1,0,0
BRDA:13,1,1,0
BRDA:16,2,0,0
BRDA:16,2,1,0
BRDA:20,3,0,0
BRDA:20,3,1,0
BRDA:28,4,0,1
BRDA:28,4,1,0
BRDA:30,5,0,1
BRDA:30,5,1,0
BRDA:33,6,0,1
BRDA:33,6,1,0
BRF:14
BRH:4
end_of_record
TN:
SF:/Users/apple/Desktop/development/assessment/src/components/FlatButton/styles.js
FNF:0
FNH:0
LF:0
LH:0
BRF:0
BRH:0
end_of_record
TN:
SF:/Users/apple/Desktop/development/assessment/src/components/Header/index.js
FN:7,(anonymous_0)
FNF:1
FNH:1
FNDA:1,(anonymous_0)
DA:8,1
DA:10,1
LF:2
LH:2
BRDA:13,0,0,1
BRDA:13,0,1,0
BRDA:17,1,0,1
BRDA:17,1,1,0
BRF:4
BRH:2
end_of_record
TN:
SF:/Users/apple/Desktop/development/assessment/src/components/Header/styles.js
FNF:0
FNH:0
LF:0
LH:0
BRF:0
BRH:0
end_of_record
TN:
SF:/Users/apple/Desktop/development/assessment/src/components/OverlayIndicator/index.js
FN:6,(anonymous_0)
FNF:1
FNH:1
FNDA:1,(anonymous_0)
DA:7,1
LF:1
LH:1
BRF:0
BRH:0
end_of_record
TN:
SF:/Users/apple/Desktop/development/assessment/src/components/OverlayIndicator/styles.js
FNF:0
FNH:0
LF:0
LH:0
BRDA:10,0,0,1
BRDA:10,0,1,0
BRDA:11,1,0,1
BRDA:11,1,1,0
BRF:4
BRH:2
end_of_record
TN:
SF:/Users/apple/Desktop/development/assessment/src/components/UserInput/index.js
FN:7,(anonymous_0)
FN:12,(anonymous_1)
FNF:2
FNH:1
FNDA:1,(anonymous_0)
FNDA:0,(anonymous_1)
DA:8,1
DA:9,1
DA:12,0
LF:3
LH:2
BRDA:11,0,0,1
BRDA:11,0,1,0
BRDA:12,1,0,0
BRDA:12,1,1,0
BRDA:13,2,0,1
BRDA:13,2,1,0
BRDA:14,3,0,1
BRDA:14,3,1,0
BRDA:17,4,0,0
BRDA:17,4,1,1
BRF:10
BRH:4
end_of_record
TN:
SF:/Users/apple/Desktop/development/assessment/src/components/UserInput/styles.js
FNF:0
FNH:0
LF:0
LH:0
BRF:0
BRH:0
end_of_record
TN:
SF:/Users/apple/Desktop/development/assessment/src/utils/index.js
FN:3,(anonymous_0)
FNF:1
FNH:1
FNDA:2,(anonymous_0)
DA:3,2
LF:1
LH:1
BRF:0
BRH:0
end_of_record
